#
# There is insufficient memory for the Java Runtime Environment to continue.
# Native memory allocation (mmap) failed to map 260046848 bytes. Error detail: G1 virtual space
# Possible reasons:
#   The system is out of physical RAM or swap space
#   This process is running with CompressedOops enabled, and the Java Heap may be blocking the growth of the native heap
# Possible solutions:
#   Reduce memory load on the system
#   Increase physical memory or swap space
#   Check if swap backing store is full
#   Decrease Java heap size (-Xmx/-Xms)
#   Decrease number of Java threads
#   Decrease Java thread stack sizes (-Xss)
#   Set larger code cache with -XX:ReservedCodeCacheSize=
#   JVM is running with Zero Based Compressed Oops mode in which the Java heap is
#     placed in the first 32GB address space. The Java Heap base address is the
#     maximum limit for the native heap growth. Please use -XX:HeapBaseMinAddress
#     to set the Java Heap base and to place the Java Heap above 32GB virtual address.
# This output file may be truncated or incomplete.
#
#  Out of Memory Error (os_windows.cpp:3703), pid=20128, tid=26668
#
# JRE version:  (23.0+37) (build )
# Java VM: Java HotSpot(TM) 64-Bit Server VM (23+37-2369, mixed mode, sharing, tiered, compressed oops, compressed class ptrs, g1 gc, windows-amd64)
# No core dump will be written. Minidumps are not enabled by default on client versions of Windows
#

---------------  S U M M A R Y ------------

Command Line: com.mycompany.mavenproject2.Mavenproject2

Host: AMD Ryzen 5 5600H with Radeon Graphics         , 12 cores, 15G,  Windows 11 , 64 bit Build 22621 (10.0.22621.4974)
Time: Fri May  9 18:09:00 2025 Malay Peninsula Standard Time elapsed time: 0.013261 seconds (0d 0h 0m 0s)

---------------  T H R E A D  ---------------

Current thread (0x000002065aef0ac0):  JavaThread "Unknown thread" [_thread_in_vm, id=26668, stack(0x0000005f03c00000,0x0000005f03d00000) (1024K)]

Stack: [0x0000005f03c00000,0x0000005f03d00000]
Native frames: (J=compiled Java code, j=interpreted, Vv=VM code, C=native code)
V  [jvm.dll+0x6e08a9]  (no source info available)
V  [jvm.dll+0x87da63]  (no source info available)
V  [jvm.dll+0x87feee]  (no source info available)
V  [jvm.dll+0x8805c3]  (no source info available)
V  [jvm.dll+0x27aee6]  (no source info available)
V  [jvm.dll+0x6dd1b5]  (no source info available)
V  [jvm.dll+0x6d103a]  (no source info available)
V  [jvm.dll+0x35b3ea]  (no source info available)
V  [jvm.dll+0x3637f6]  (no source info available)
V  [jvm.dll+0x34fd5e]  (no source info available)
V  [jvm.dll+0x34fff8]  (no source info available)
V  [jvm.dll+0x3289cc]  (no source info available)
V  [jvm.dll+0x32966e]  (no source info available)
V  [jvm.dll+0x8442e5]  (no source info available)
V  [jvm.dll+0x3b9848]  (no source info available)
V  [jvm.dll+0x82d0dc]  (no source info available)
V  [jvm.dll+0x454d4e]  (no source info available)
V  [jvm.dll+0x456bd1]  (no source info available)
C  [jli.dll+0x52a3]  (no source info available)
C  [ucrtbase.dll+0x29333]  (no source info available)
C  [KERNEL32.DLL+0x1259d]  (no source info available)
C  [ntdll.dll+0x5af38]  (no source info available)

Lock stack of current Java thread (top to bottom):


---------------  P R O C E S S  ---------------

Threads class SMR info:
_java_thread_list=0x00007ffece5f3618, length=0, elements={
}

Java Threads: ( => current thread )
Total: 0

Other Threads:
  0x000002065d2c20c0 WorkerThread "GC Thread#0"                     [id=26808, stack(0x0000005f03d00000,0x0000005f03e00000) (1024K)]
  0x000002065d2d66e0 ConcurrentGCThread "G1 Main Marker"            [id=16808, stack(0x0000005f03e00000,0x0000005f03f00000) (1024K)]
  0x000002065d2d7990 WorkerThread "G1 Conc#0"                       [id=20728, stack(0x0000005f03f00000,0x0000005f04000000) (1024K)]

[error occurred during error reporting (printing all threads), id 0xc0000005, EXCEPTION_ACCESS_VIOLATION (0xc0000005) at pc=0x00007ffecdd3bfba]
VM state: not at safepoint (not fully initialized)

VM Mutex/Monitor currently owned by a thread:  ([mutex/lock_event])
[0x00007ffece673a10] Heap_lock - owner thread: 0x000002065aef0ac0

Heap address: 0x0000000709800000, size: 3944 MB, Compressed Oops mode: Zero based, Oop shift amount: 3

CDS archive(s) mapped at: [0x0000000000000000-0x0000000000000000-0x0000000000000000), size 0, SharedBaseAddress: 0x0000000800000000, ArchiveRelocationMode: 1.
Narrow klass base: 0x0000000000000000, Narrow klass shift: 0, Narrow klass range: 0x0

GC Precious Log:
 CardTable entry size: 512
 Card Set container configuration: InlinePtr #cards 4 size 8 Array Of Cards #cards 16 size 48 Howl #buckets 8 coarsen threshold 3686 Howl Bitmap #cards 512 size 80 coarsen threshold 460 Card regions per heap region 1 cards per card region 4096

Heap:
 garbage-first heap   total reserved 4038656K, committed 0K, used 0K [0x0000000709800000, 0x0000000800000000)
  region size 2048K, 0 young (0K), 0 survivors (0K)

[error occurred during error reporting (printing heap information), id 0xc0000005, EXCEPTION_ACCESS_VIOLATION (0xc0000005) at pc=0x00007ffece13c3b9]
GC Heap History (0 events):
No events

Dll operation events (1 events):
Event: 0.009 Loaded shared library C:\Program Files\Java\jdk-23\bin\java.dll

Deoptimization events (0 events):
No events

Classes loaded (0 events):
No events

Classes unloaded (0 events):
No events

Classes redefined (0 events):
No events

Internal exceptions (0 events):
No events

VM Operations (0 events):
No events

Memory protections (0 events):
No events

Nmethod flushes (0 events):
No events

Events (0 events):
No events


Dynamic libraries:
0x00007ff60ce70000 - 0x00007ff60ce80000 	C:\Program Files\Java\jdk-23\bin\java.exe
0x00007fff27350000 - 0x00007fff27567000 	C:\WINDOWS\SYSTEM32\ntdll.dll
0x00007fff25b00000 - 0x00007fff25bc4000 	C:\WINDOWS\System32\KERNEL32.DLL
0x00007fff24800000 - 0x00007fff24bd1000 	C:\WINDOWS\System32\KERNELBASE.dll
0x00007fff24f00000 - 0x00007fff25011000 	C:\WINDOWS\System32\ucrtbase.dll
0x00007ffecd9e0000 - 0x00007ffecd9fb000 	C:\Program Files\Java\jdk-23\bin\VCRUNTIME140.dll
0x00007fff13b20000 - 0x00007fff13b37000 	C:\Program Files\Java\jdk-23\bin\jli.dll
0x00007fff26740000 - 0x00007fff268f1000 	C:\WINDOWS\System32\USER32.dll
0x00007fff24510000 - 0x00007fff24536000 	C:\WINDOWS\System32\win32u.dll
0x00007fff1a3f0000 - 0x00007fff1a682000 	C:\WINDOWS\WinSxS\amd64_microsoft.windows.common-controls_6595b64144ccf1df_6.0.22621.4830_none_270fe7d773858e80\COMCTL32.dll
0x00007fff25e40000 - 0x00007fff25e69000 	C:\WINDOWS\System32\GDI32.dll
0x00007fff25c40000 - 0x00007fff25ce7000 	C:\WINDOWS\System32\msvcrt.dll
0x00007fff24d20000 - 0x00007fff24e3b000 	C:\WINDOWS\System32\gdi32full.dll
0x00007fff24730000 - 0x00007fff247ca000 	C:\WINDOWS\System32\msvcp_win.dll
0x00007fff25e70000 - 0x00007fff25ea1000 	C:\WINDOWS\System32\IMM32.DLL
0x00007fff05930000 - 0x00007fff0593c000 	C:\Program Files\Java\jdk-23\bin\vcruntime140_1.dll
0x00007ffecc880000 - 0x00007ffecc90e000 	C:\Program Files\Java\jdk-23\bin\msvcp140.dll
0x00007ffecda00000 - 0x00007ffece74f000 	C:\Program Files\Java\jdk-23\bin\server\jvm.dll
0x00007fff25d80000 - 0x00007fff25e31000 	C:\WINDOWS\System32\ADVAPI32.dll
0x00007fff25800000 - 0x00007fff258a7000 	C:\WINDOWS\System32\sechost.dll
0x00007fff247d0000 - 0x00007fff247f8000 	C:\WINDOWS\System32\bcrypt.dll
0x00007fff271f0000 - 0x00007fff27304000 	C:\WINDOWS\System32\RPCRT4.dll
0x00007fff25a60000 - 0x00007fff25ad1000 	C:\WINDOWS\System32\WS2_32.dll
0x00007fff23300000 - 0x00007fff2334d000 	C:\WINDOWS\SYSTEM32\POWRPROF.dll
0x00007fff19b90000 - 0x00007fff19b9a000 	C:\WINDOWS\SYSTEM32\VERSION.dll
0x00007fff1df00000 - 0x00007fff1df34000 	C:\WINDOWS\SYSTEM32\WINMM.dll
0x00007fff232e0000 - 0x00007fff232f3000 	C:\WINDOWS\SYSTEM32\UMPDC.dll
0x00007fff23590000 - 0x00007fff235a8000 	C:\WINDOWS\SYSTEM32\kernel.appcore.dll
0x00007fff04f40000 - 0x00007fff04f4a000 	C:\Program Files\Java\jdk-23\bin\jimage.dll
0x00007fff21d30000 - 0x00007fff21f62000 	C:\WINDOWS\SYSTEM32\DBGHELP.DLL
0x00007fff26e50000 - 0x00007fff271e0000 	C:\WINDOWS\System32\combase.dll
0x00007fff25020000 - 0x00007fff250f7000 	C:\WINDOWS\System32\OLEAUT32.dll
0x00007fff19a70000 - 0x00007fff19aa2000 	C:\WINDOWS\SYSTEM32\dbgcore.DLL
0x00007fff24490000 - 0x00007fff2450b000 	C:\WINDOWS\System32\bcryptPrimitives.dll
0x00007ffecd980000 - 0x00007ffecd99e000 	C:\Program Files\Java\jdk-23\bin\java.dll
0x00007fff25210000 - 0x00007fff253b1000 	C:\WINDOWS\System32\ole32.dll
0x00007fff25eb0000 - 0x00007fff26738000 	C:\WINDOWS\System32\SHELL32.dll
0x00007fff24be0000 - 0x00007fff24d1f000 	C:\WINDOWS\System32\wintypes.dll

dbghelp: loaded successfully - version: 4.0.5 - missing functions: none
symbol engine: initialized successfully - sym options: 0x614 - pdb path: .;C:\Program Files\Java\jdk-23\bin;C:\WINDOWS\SYSTEM32;C:\WINDOWS\WinSxS\amd64_microsoft.windows.common-controls_6595b64144ccf1df_6.0.22621.4830_none_270fe7d773858e80;C:\Program Files\Java\jdk-23\bin\server

VM Arguments:
java_command: com.mycompany.mavenproject2.Mavenproject2
java_class_path (initial): C:\Users\dale\Documents\NetBeansProjects\mavenproject2\target\classes
Launcher Type: SUN_STANDARD

[Global flags]
     intx CICompilerCount                          = 4                                         {product} {ergonomic}
     uint ConcGCThreads                            = 3                                         {product} {ergonomic}
     uint G1ConcRefinementThreads                  = 10                                        {product} {ergonomic}
   size_t G1HeapRegionSize                         = 2097152                                   {product} {ergonomic}
   size_t InitialHeapSize                          = 260046848                                 {product} {ergonomic}
   size_t MarkStackSize                            = 4194304                                   {product} {ergonomic}
   size_t MarkStackSizeMax                         = 536870912                                 {product} {ergonomic}
   size_t MaxHeapSize                              = 4135583744                                {product} {ergonomic}
   size_t MinHeapDeltaBytes                        = 2097152                                   {product} {ergonomic}
   size_t MinHeapSize                              = 8388608                                   {product} {ergonomic}
    uintx NonNMethodCodeHeapSize                   = 5832704                                {pd product} {ergonomic}
    uintx NonProfiledCodeHeapSize                  = 122945536                              {pd product} {ergonomic}
    uintx ProfiledCodeHeapSize                     = 122880000                              {pd product} {ergonomic}
    uintx ReservedCodeCacheSize                    = 251658240                              {pd product} {ergonomic}
     bool SegmentedCodeCache                       = true                                      {product} {ergonomic}
   size_t SoftMaxHeapSize                          = 4135583744                             {manageable} {ergonomic}
     bool UseCompressedOops                        = true                           {product lp64_product} {ergonomic}
     bool UseG1GC                                  = true                                      {product} {ergonomic}
     bool UseLargePagesIndividualAllocation        = false                                  {pd product} {ergonomic}

Logging:
Log output configuration:
 #0: stdout all=warning uptime,level,tags foldmultilines=false
 #1: stderr all=off uptime,level,tags foldmultilines=false

Environment Variables:
JAVA_HOME=C:\Program Files\Java\jdk-23
PATH=C:\Program Files\Common Files\Oracle\Java\javapath;C:\Program Files (x86)\Microsoft SDKs\Azure\CLI2\wbin;C:\Windows\system32;C:\Windows;C:\Windows\System32\Wbem;C:\Windows\System32\WindowsPowerShell\v1.0\;C:\Windows\System32\OpenSSH\;C:\Program Files\Microsoft SQL Server\150\Tools\Binn\;C:\Program Files\Microsoft SQL Server\Client SDK\ODBC\170\Tools\Binn\;C:\Users\Darnell\AppData\Roaming\nvm;C:\Program Files\nodejs;C:\Program Files (x86)\Microsoft SQL Server\150\DTS\Binn\;C:\Program Files\Azure Data Studio\bin;C:\WINDOWS\system32;C:\WINDOWS;C:\WINDOWS\System32\Wbem;C:\WINDOWS\System32\WindowsPowerShell\v1.0\;C:\WINDOWS\System32\OpenSSH\;C:\ProgramData\chocolatey\bin;C:\Program Files\dotnet\;C:\Program Files\Git\cmd;C:\Users\dale\AppData\Local\Programs\Python\Launcher\;C:\Users\dale\AppData\Local\Microsoft\WindowsApps;C:\Users\dale\.dotnet\tools;C:\Users\dale\AppData\Local\Programs\Microsoft VS Code\bin
USERNAME=dale
OS=Windows_NT
PROCESSOR_IDENTIFIER=AMD64 Family 25 Model 80 Stepping 0, AuthenticAMD
TMP=C:\Users\dale\AppData\Local\Temp
TEMP=C:\Users\dale\AppData\Local\Temp




Periodic native trim disabled

---------------  S Y S T E M  ---------------

OS:
 Windows 11 , 64 bit Build 22621 (10.0.22621.4974)
OS uptime: 6 days 1:45 hours
Hyper-V role detected

CPU: total 12 (initial active 12) (12 cores per cpu, 2 threads per core) family 25 model 80 stepping 0 microcode 0x0, cx8, cmov, fxsr, ht, mmx, 3dnowpref, sse, sse2, sse3, ssse3, sse4a, sse4.1, sse4.2, popcnt, lzcnt, tsc, tscinvbit, avx, avx2, aes, erms, clmul, bmi1, bmi2, adx, sha, fma, vzeroupper, clflush, clflushopt, hv, rdtscp, rdpid, fsrm, f16c, cet_ss
Processor Information for the first 12 processors :
  Max Mhz: 3301, Current Mhz: 3301, Mhz Limit: 3301

Memory: 4k page, system-wide physical 15775M (4356M free)
TotalPageFile size 22867M (AvailPageFile size 217M)
current process WorkingSet (physical memory assigned to process): 12M, peak: 12M
current process commit charge ("private bytes"): 64M, peak: 312M

vm_info: Java HotSpot(TM) 64-Bit Server VM (23+37-2369) for windows-amd64 JRE (23+37-2369), built on 2024-08-20T16:01:23Z with MS VC++ 17.6 (VS2022)

END.
